2025-12-20 19:55:20,855 | DEBUG | 에이전트 로드: 철학자
2025-12-20 19:55:20,855 | DEBUG | 에이전트 로드: 소설가 A
2025-12-20 19:55:20,855 | DEBUG | 에이전트 로드: 소설가 B
2025-12-20 19:55:20,855 | DEBUG | 에이전트 로드: 편집자
2025-12-20 19:55:20,856 | DEBUG | 에이전트 로드: 비평가
2025-12-20 19:55:20,856 | DEBUG | 확장 에이전트 로드: 리서처
2025-12-20 19:55:20,856 | DEBUG | 확장 에이전트 로드: 진단자
2025-12-20 19:55:20,856 | DEBUG | 프로젝트 컨텍스트 로드: /Users/gamnamu/Documents/cr-lab-stroytelling/workflow/project_context.md
2025-12-20 19:55:20,857 | INFO | 
============================================================
2025-12-20 19:55:20,857 | INFO | 멀티에이전트 소설 재작성 파이프라인 시작
2025-12-20 19:55:20,857 | INFO | 모드: 재작성
2025-12-20 19:55:20,857 | INFO | ============================================================
2025-12-20 19:55:20,857 | INFO | 기존 완성본 로드: outputs/cr-story-053 숫자 너머로 보이는 것.md
2025-12-20 19:55:20,857 | INFO | 
============================================================
2025-12-20 19:55:20,857 | INFO | Step R1: 피드백 분석
2025-12-20 19:55:20,857 | INFO | 에이전트: 진단자
2025-12-20 19:55:20,857 | INFO | ============================================================
2025-12-20 19:55:20,857 | DEBUG | API 호출: 진단자 (시도 1)
